"C:/Users/Usuario/Documents/GitHub/IV/IV/Content/FirstPersonBP/FirstPersonOverview.uasset" 0
"../../../Engine/Content/Animation/DefaultAnimBoneCompressionSettings.uasset" 1
"../../../Engine/Content/Animation/DefaultAnimCurveCompressionSettings.uasset" 2
"../../../Engine/Content/Functions/Engine_MaterialFunctions01/Opacity/CameraDepthFade.uasset" 3
"../../../Engine/Content/EngineMaterials/T_Default_Material_Grid_N.uasset" 4
"../../../Engine/Content/EngineMaterials/T_Default_Material_Grid_M.uasset" 5
"../../../Engine/Content/EngineMaterials/WorldGridMaterial.uasset" 6
"../../../Engine/Content/ArtTools/RenderToTexture/Meshes/S_1_Unit_Plane.uasset" 7
"../../../Engine/Content/EngineMaterials/DefaultMaterial.uasset" 8
"../../../Engine/Content/BasicShapes/Cone.uasset" 9
"../../../Engine/Content/BasicShapes/Cube.uasset" 10
"../../../Engine/Content/BasicShapes/Plane.uasset" 11
"../../../Engine/Content/BasicShapes/Sphere.uasset" 12
"../../../Engine/Content/EditorLandscapeResources/DataLayer.uasset" 13
"../../../Engine/Content/EditorLandscapeResources/DefaultAlphaTexture.uasset" 14
"../../../Engine/Content/EditorMaterials/MAT_Groups_Toggle.uasset" 15
"../../../Engine/Content/EditorMaterials/MAT_Groups_Visibility.uasset" 16
"../../../Engine/Content/EditorMaterials/PreviewShadowIndicator.uasset" 17
"../../../Engine/Content/EditorMaterials/PreviewShadowIndicatorMaterial.uasset" 18
"../../../Engine/Content/EditorMaterials/MatineeGroups/MAT_ColorTrack.uasset" 19
"../../../Engine/Content/EditorMaterials/MatineeGroups/MAT_Groups_Anim.uasset" 20
"../../../Engine/Content/EditorMaterials/MatineeGroups/MAT_Groups_AudioMaster.uasset" 21
"../../../Engine/Content/EditorMaterials/MatineeGroups/MAT_Groups_Director.uasset" 22
"../../../Engine/Content/EditorMaterials/MatineeGroups/MAT_Groups_Event.uasset" 23
"../../../Engine/Content/EditorMaterials/MatineeGroups/MAT_Groups_Fade.uasset" 24
"../../../Engine/Content/EditorMaterials/MatineeGroups/MAT_Groups_Float.uasset" 25
"../../../Engine/Content/EditorMaterials/MatineeGroups/MAT_Groups_Move.uasset" 26
"../../../Engine/Content/EditorMaterials/MatineeGroups/MAT_Groups_Slomo.uasset" 27
"../../../Engine/Content/EditorMaterials/MatineeGroups/MAT_Groups_Sound.uasset" 28
"../../../Engine/Content/EditorMaterials/MatineeGroups/MAT_Groups_Vector.uasset" 29
"../../../Engine/Content/EditorMaterials/ParticleSystems/PSysThumbnail_NoImage.uasset" 30
"../../../Engine/Content/EditorMaterials/ParticleSystems/PSysThumbnail_OOD.uasset" 31
"../../../Engine/Content/EditorMaterials/Camera/CineMat.uasset" 32
"../../../Engine/Content/EditorMaterials/Camera/MI_CineMat_Rig.uasset" 33
"../../../Engine/Content/EditorMeshes/Camera/SM_CraneRig_Arm.uasset" 34
"../../../Engine/Content/EditorMeshes/Camera/SM_CraneRig_Base.uasset" 35
"../../../Engine/Content/EditorMeshes/Camera/SM_CraneRig_Body.uasset" 36
"../../../Engine/Content/EditorMeshes/Camera/SM_CraneRig_Mount.uasset" 37
"../../../Engine/Content/EditorMeshes/Camera/SM_RailRig_Mount.uasset" 38
"../../../Engine/Content/EditorMeshes/Camera/SM_RailRig_Track.uasset" 39
"../../../Engine/Content/EditorResources/BSPVertex.uasset" 40
"../../../Engine/Content/EditorResources/EmptyActor.uasset" 41
"../../../Engine/Content/EditorResources/S_Actor.uasset" 42
"../../../Engine/Content/EditorResources/S_Note.uasset" 43
"../../../Engine/Content/EditorResources/S_Solver.uasset" 44
"../../../Engine/Content/EditorResources/S_Terrain.uasset" 45
"../../../Engine/Content/EditorResources/S_Trigger.uasset" 46
"../../../Engine/Content/EditorResources/LightIcons/S_LightError.uasset" 47
"../../../Engine/Content/EditorResources/SequenceRecorder/Countdown.uasset" 48
"../../../Engine/Content/EditorResources/SequenceRecorder/RecordingIndicator.uasset" 49
"../../../Engine/Content/EngineDamageTypes/DmgTypeBP_Environmental.uasset" 50
"../../../Engine/Content/EngineDebugMaterials/DebugEditorMaterial.uasset" 51
"../../../Engine/Content/EngineDebugMaterials/DebugMeshMaterial.uasset" 52
"../../../Engine/Content/EngineDebugMaterials/M_SimpleUnlitTranslucent.uasset" 53
"../../../Engine/Content/EngineDebugMaterials/VolumeToRender.uasset" 54
"../../../Engine/Content/Functions/Engine_MaterialFunctions02/Utility/CameraDirectionVector.uasset" 55
"../../../Engine/Content/EngineDebugMaterials/M_VolumeRenderSphereTracePP.uasset" 56
"../../../Engine/Content/Functions/Engine_MaterialFunctions01/Shading/ConvertFromDiffSpec.uasset" 57
"../../../Engine/Content/EngineDebugMaterials/VertexColorMaterial.uasset" 58
"../../../Engine/Content/EngineDebugMaterials/WireframeMaterial.uasset" 59
"../../../Engine/Content/EngineFonts/Faces/RobotoRegular.uasset" 60
"../../../Engine/Content/EngineFonts/Faces/RobotoLight.uasset" 61
"../../../Engine/Content/EngineFonts/Faces/RobotoItalic.uasset" 62
"../../../Engine/Content/EngineFonts/Faces/RobotoBoldItalic.uasset" 63
"../../../Engine/Content/EngineFonts/Faces/RobotoBold.uasset" 64
"../../../Engine/Content/EngineFonts/Faces/DroidSansFallback.uasset" 65
"../../../Engine/Content/EngineFonts/Roboto.uasset" 66
"../../../Engine/Content/EngineMaterials/BaseFlattenGrayscaleMap.uasset" 67
"../../../Engine/Content/EngineMaterials/BaseFlattenEmissiveMap.uasset" 68
"../../../Engine/Content/EngineMaterials/BaseFlattenDiffuseMap.uasset" 69
"../../../Engine/Content/EngineMaterials/BaseFlattenNormalMap.uasset" 70
"../../../Engine/Content/EngineMaterials/BaseFlattenMaterial.uasset" 71
"../../../Engine/Content/EngineMaterials/BlueNoise.uasset" 72
"../../../Engine/Content/EngineMaterials/DefaultBloomKernel.uasset" 73
"../../../Engine/Content/EngineMaterials/DefaultBokeh.uasset" 74
"../../../Engine/Content/EngineMaterials/DefaultDiffuse.uasset" 75
"../../../Engine/Content/EngineMaterials/DefaultDeferredDecalMaterial.uasset" 76
"../../../Engine/Content/EngineMaterials/DefaultLightFunctionMaterial.uasset" 77
"../../../Engine/Content/EngineMaterials/DefaultPhysicalMaterial.uasset" 78
"../../../Engine/Content/Functions/Engine_MaterialFunctions02/Utility/BreakOutFloat2Components.uasset" 79
"../../../Engine/Content/EngineMaterials/DefaultPostProcessMaterial.uasset" 80
"../../../Engine/Content/EngineFonts/RobotoDistanceField.uasset" 81
"../../../Engine/Content/EngineMaterials/DefaultTextMaterialOpaque.uasset" 82
"../../../Engine/Content/EngineMaterials/DefaultWhiteGrid.uasset" 83
"../../../Engine/Content/EngineMaterials/DefaultWhiteGrid_Low.uasset" 84
"../../../Engine/Content/EngineMaterials/EmissiveMeshMaterial.uasset" 85
"../../../Engine/Content/EngineMaterials/GizmoMaterial.uasset" 86
"../../../Engine/Content/EngineMaterials/Good64x64TilingNoiseHighFreq.uasset" 87
"../../../Engine/Content/EngineMaterials/MiniFont.uasset" 88
"../../../Engine/Content/EngineMaterials/InvalidLightmapSettings.uasset" 89
"../../../Engine/Content/EngineMaterials/M_InvalidLightmapSettings.uasset" 90
"../../../Engine/Content/Functions/Engine_MaterialFunctions02/WorldPositionOffset/CameraOffset.uasset" 91
"../../../Engine/Content/EngineMaterials/PhAT_JointLimitMaterial.uasset" 92
"../../../Engine/Content/EngineMaterials/PreintegratedSkinBRDF.uasset" 93
"../../../Engine/Content/EngineMaterials/RemoveSurfaceMaterial.uasset" 94
"../../../Engine/Content/EngineMaterials/WeightMapPlaceholderTexture.uasset" 95
"../../../Engine/Content/EngineResources/WhiteSquareTexture.uasset" 96
"../../../Engine/Content/EngineMaterials/Widget3DPassThrough.uasset" 97
"../../../Engine/Content/EngineMaterials/Widget3DPassThrough_Masked.uasset" 98
"../../../Engine/Content/EngineMaterials/Widget3DPassThrough_Opaque.uasset" 99
"../../../Engine/Content/EngineMaterials/Widget3DPassThrough_Masked_OneSided.uasset" 100
"../../../Engine/Content/EngineMaterials/Widget3DPassThrough_Opaque_OneSided.uasset" 101
"../../../Engine/Content/EngineMaterials/Widget3DPassThrough_Translucent.uasset" 102
"../../../Engine/Content/EngineMaterials/Widget3DPassThrough_Translucent_OneSided.uasset" 103
"../../../Engine/Content/EngineMeshes/Cylinder.uasset" 104
"../../../Engine/Content/EngineMeshes/Sphere.uasset" 105
"../../../Engine/Content/EngineResources/Black.uasset" 106
"../../../Engine/Content/EngineResources/DefaultTextureCube.uasset" 107
"../../../Engine/Content/EngineResources/DefaultVolumeTexture2D.uasset" 108
"../../../Engine/Content/EngineResources/DefaultVolumeTexture.uasset" 109
"../../../Engine/Content/EngineResources/GradientTexture0.uasset" 110
"../../../Engine/Content/EngineSky/VolumetricClouds/T_NoiseShape64.uasset" 111
"../../../Engine/Content/EngineSky/VolumetricClouds/T_VolumeNoiseShape64.uasset" 112
"../../../Engine/Content/EngineSky/VolumetricClouds/T_NoiseErosion.uasset" 113
"../../../Engine/Content/EngineSky/VolumetricClouds/T_VolumeNoiseErosion32.uasset" 114
"../../../Engine/Content/EngineSky/VolumetricClouds/CloudWeatherTexture.uasset" 115
"../../../Engine/Content/EngineSky/VolumetricClouds/CloudGradientTexture.uasset" 116
"../../../Engine/Content/Functions/Engine_MaterialFunctions02/Utility/MakeFloat2.uasset" 117
"../../../Engine/Content/EngineSky/VolumetricClouds/m_SimpleVolumetricCloud.uasset" 118
"../../../Engine/Content/EngineSky/VolumetricClouds/m_SimpleVolumetricCloud_Inst.uasset" 119
"../../../Engine/Content/EngineSounds/Master.uasset" 120
"../../../Engine/Content/Functions/Engine_MaterialFunctions01/Shading/PowerToRoughness.uasset" 121
"../../../Engine/Content/Maps/Templates/Thumbnails/Default.uasset" 122
"../../../Engine/Content/Maps/Templates/Thumbnails/TimeOfDay.uasset" 123
"../../../Engine/Content/Maps/Templates/Thumbnails/VR-Basic.uasset" 124
"../../../Engine/Content/MobileResources/T_MobileControls_texture.uasset" 125
"../../../Engine/Content/MobileResources/T_MobileMenu2.uasset" 126
"../../../Engine/Content/MobileResources/HUD/AnalogHat.uasset" 127
"../../../Engine/Content/MobileResources/HUD/VirtualJoystick_Thumb.uasset" 128
"../../../Engine/Content/MobileResources/HUD/VirtualJoystick_Background.uasset" 129
"../../../Engine/Content/MobileResources/HUD/DefaultVirtualJoysticks.uasset" 130
"../../../Engine/Content/MobileResources/HUD/LeftVirtualJoystickOnly.uasset" 131
"../../../Engine/Content/MobileResources/HUD/MobileHUDButton1_off.uasset" 132
"../../../Engine/Content/MobileResources/HUD/MobileHUDButton1_on.uasset" 133
"../../../Engine/Content/MobileResources/HUD/MobileHUDButton2_off.uasset" 134
"../../../Engine/Content/MobileResources/HUD/MobileHUDButton2_on.uasset" 135
"../../../Engine/Content/MobileResources/HUD/MobileHUDButton3.uasset" 136
"../../../Engine/Content/MobileResources/HUD/MobileHUDButtonFire.uasset" 137
"../../../Engine/Content/MobileResources/HUD/MobileHUDDirectionPad.uasset" 138
"../../../Engine/Content/MobileResources/HUD/MobileHUDDirectionPad2.uasset" 139
"../../../Engine/Content/MobileResources/HUD/MobileHUDDirectionPad3.uasset" 140
"../../../Engine/Content/MobileResources/HUD/MobileHUDDirectionStick.uasset" 141
"../../../Engine/Content/MobileResources/HUD/T_Castle_ThumbstickInner.uasset" 142
"../../../Engine/Content/MobileResources/HUD/T_Castle_ThumbstickOutter.uasset" 143
"../../../Engine/Content/Tutorial/ContentIntroCurve.uasset" 144
"../../../Engine/Content/Tutorial/Basics/LevelEditorAttract.uasset" 145
"../../../Engine/Content/VREditor/TransformGizmo/TranslucentTransformGizmoMaterial.uasset" 146
"../../../Engine/Content/VREditor/LaserPointer/VR_LaserPower_01.uasset" 147
"../../../Engine/Content/VREditor/TransformGizmo/TransformGizmoMaterial.uasset" 148
"../../../Engine/Content/VREditor/TransformGizmo/BoundingBoxCorner.uasset" 149
"../../../Engine/Content/VREditor/TransformGizmo/BoundingBoxEdge.uasset" 150
"../../../Engine/Content/VREditor/TransformGizmo/PlaneTranslationHandle.uasset" 151
"../../../Engine/Content/VREditor/TransformGizmo/Xray.uasset" 152
"../../../Engine/Content/VREditor/TransformGizmo/Main.uasset" 153
"../../../Engine/Content/VREditor/TransformGizmo/SM_Sequencer_Key.uasset" 154
"../../../Engine/Content/VREditor/TransformGizmo/SM_Sequencer_Node.uasset" 155
"../../Plugins/2D/Paper2D/Content/PlaceholderTextures/DummySpriteTexture.uasset" 156
"../../Plugins/2D/Paper2D/Content/DummySprite.uasset" 157
"../../Plugins/2D/Paper2D/Content/DefaultPaperTerrainMaterial.uasset" 158
"../../Plugins/2D/Paper2D/Content/DefaultSpriteMaterial.uasset" 159
"../../Plugins/2D/Paper2D/Content/MaskedUnlitSpriteMaterial.uasset" 160
"../../Plugins/2D/Paper2D/Content/OpaqueUnlitSpriteMaterial.uasset" 161
"../../../Engine/Content/Functions/Engine_MaterialFunctions02/Utility/BreakOutFloat3Components.uasset" 162
"../../Plugins/Editor/SpeedTreeImporter/Content/SpeedTree9/UnpackInteger3.uasset" 163
"../../Plugins/Editor/SpeedTreeImporter/Content/SpeedTree9/UnpackDirection.uasset" 164
"../../Plugins/Editor/SpeedTreeImporter/Content/SpeedTree9/game_wind_noise.uasset" 165
"../../../Engine/Content/Functions/Engine_MaterialFunctions02/SafeNormalize.uasset" 166
"../../Plugins/Editor/SpeedTreeImporter/Content/SpeedTree9/SpeedTreeWindMotion.uasset" 167
"../../Plugins/Editor/SpeedTreeImporter/Content/SpeedTree9/SpeedTreeBranchMotion.uasset" 168
"../../../Engine/Content/Functions/Engine_MaterialFunctions02/ObjectLocalBounds.uasset" 169
"../../../Engine/Content/Functions/Engine_MaterialFunctions02/UVs/BoundingBoxBased_0-1_UVW.uasset" 170
"../../Plugins/Editor/SpeedTreeImporter/Content/SpeedTree9/SpeedTreeWind.uasset" 171
"../../Plugins/Editor/SpeedTreeImporter/Content/SpeedTree9/SpeedTreeBillboard.uasset" 172
"../../../Engine/Content/EngineResources/DefaultTexture.uasset" 173
"../../Plugins/Editor/SpeedTreeImporter/Content/SpeedTree9/SpeedTreeBillboardMaster.uasset" 174
"../../Plugins/Editor/SpeedTreeImporter/Content/SpeedTree9/SpeedTreeCameraFacing.uasset" 175
"../../Plugins/Editor/SpeedTreeImporter/Content/SpeedTree9/SpeedTreeMaster.uasset" 176
"../../../Engine/Content/ArtTools/RenderToTexture/Materials/Debug/M_Emissive_Color.uasset" 177
"../../../Engine/Content/BasicShapes/Cylinder.uasset" 178
"../../Plugins/Lumin/MagicLeapPassableWorld/Content/MagicLeapARPinInfoActor.uasset" 179
"../../../Engine/Content/Functions/Engine_MaterialFunctions02/Utility/BreakOutFloat4Components.uasset" 180
"../../../Engine/Content/Functions/Engine_MaterialFunctions02/Utility/MakeFloat3.uasset" 181
"../../Plugins/Runtime/Oculus/OculusVR/Content/Materials/OculusMR_ChromaKey.uasset" 182
"../../Plugins/Runtime/Oculus/OculusVR/Content/Materials/OculusMR_OpaqueColoredMaterial.uasset" 183
"../../Plugins/Runtime/Oculus/OculusVR/Content/Materials/PokeAHoleMaterial.uasset" 184
"C:/Users/Usuario/Documents/GitHub/IV/IV/Content/AdvancedCelShader/CelShader/Textures/spatter.uasset" 185
"C:/Users/Usuario/Documents/GitHub/IV/IV/Content/AdvancedCelShader/CelShader/Textures/brushstrokes.uasset" 186
"C:/Users/Usuario/Documents/GitHub/IV/IV/Content/AdvancedCelShader/CelShader/Textures/flatwhite.uasset" 187
"../../../Engine/Content/Functions/Engine_MaterialFunctions02/Texturing/WorldPositionWithScale.uasset" 188
"../../../Engine/Content/EngineMaterials/BlendFunc_DefBase.uasset" 189
"../../../Engine/Content/EngineMaterials/BlendFunc_DefBlend.uasset" 190
"../../../Engine/Content/Functions/Engine_MaterialFunctions03/Blends/Blend_Difference.uasset" 191
"C:/Users/Usuario/Documents/GitHub/IV/IV/Content/AdvancedCelShader/CelShader/Textures/watercolour_texture.uasset" 192
"C:/Users/Usuario/Documents/GitHub/IV/IV/Content/AdvancedCelShader/CelShader/Textures/PrintDots.uasset" 193
"../../../Engine/Content/Functions/Engine_MaterialFunctions02/Utility/Sign.uasset" 194
"C:/Users/Usuario/Documents/GitHub/IV/IV/Content/AdvancedCelShader/CelShader/Textures/sketch_mask_2.uasset" 195
"../../../Engine/Content/Functions/Engine_MaterialFunctions02/Math/AddComponents.uasset" 196
"../../../Engine/Content/Functions/Engine_MaterialFunctions02/Utility/Round.uasset" 197
"C:/Users/Usuario/Documents/GitHub/IV/IV/Content/AdvancedCelShader/CelShader/MaterialFunctions/Posterize.uasset" 198
"C:/Users/Usuario/Documents/GitHub/IV/IV/Content/AdvancedCelShader/CelShader/MaterialFunctions/CelPosterize.uasset" 199
"C:/Users/Usuario/Documents/GitHub/IV/IV/Content/AdvancedCelShader/CelShader/MaterialFunctions/CustomBlur1.uasset" 200
"C:/Users/Usuario/Documents/GitHub/IV/IV/Content/AdvancedCelShader/CelShader/MaterialFunctions/CustomBlur2.uasset" 201
"C:/Users/Usuario/Documents/GitHub/IV/IV/Content/AdvancedCelShader/CelShader/MaterialFunctions/DepthMask.uasset" 202
"C:/Users/Usuario/Documents/GitHub/IV/IV/Content/AdvancedCelShader/CelShader/MaterialFunctions/EdgeDetectColour.uasset" 203
"C:/Users/Usuario/Documents/GitHub/IV/IV/Content/AdvancedCelShader/CelShader/MaterialFunctions/EdgeDetectDepth.uasset" 204
"C:/Users/Usuario/Documents/GitHub/IV/IV/Content/AdvancedCelShader/CelShader/MaterialFunctions/InnerShadow.uasset" 205
"C:/Users/Usuario/Documents/GitHub/IV/IV/Content/AdvancedCelShader/CelShader/MaterialFunctions/MaskSky.uasset" 206
"C:/Users/Usuario/Documents/GitHub/IV/IV/Content/AdvancedCelShader/CelShader/MaterialFunctions/OuterShadow.uasset" 207
"C:/Users/Usuario/Documents/GitHub/IV/IV/Content/AdvancedCelShader/CelShader/MaterialFunctions/PixellateUVs.uasset" 208
"C:/Users/Usuario/Documents/GitHub/IV/IV/Content/AdvancedCelShader/CelShader/MaterialFunctions/SkyMask.uasset" 209
"C:/Users/Usuario/Documents/GitHub/IV/IV/Content/AdvancedCelShader/CelShader/MaterialFunctions/Slider.uasset" 210
"../../../Engine/Content/Functions/Engine_MaterialFunctions01/Gradient/LinearGradient.uasset" 211
"../../../Engine/Content/Functions/Engine_MaterialFunctions01/ImageAdjustment/CheapContrast.uasset" 212
"../../../Engine/Content/Functions/Engine_MaterialFunctions01/ImageAdjustment/SCurve.uasset" 213
"../../../Engine/Content/MapTemplates/TilingNoise05.uasset" 214
"../../../Engine/Content/Functions/Engine_MaterialFunctions01/Texturing/TriplanarCameraVector.uasset" 215
"C:/Users/Usuario/Documents/GitHub/IV/IV/Content/AdvancedCelShader/CelShader/Materials/CelShader.uasset" 216
"C:/Users/Usuario/Documents/GitHub/IV/IV/Content/AdvancedCelShader/CelShader/Presets/CelShaderWatercolour.uasset" 217
"../../../Engine/Content/Functions/Engine_MaterialFunctions03/Procedurals/ComputeFilterWidth.uasset" 218
"../../../Engine/Content/EngineMaterials/AntiAliasedTextMaterialTranslucent.uasset" 219
"C:/Users/Usuario/Documents/GitHub/IV/IV/Content/Geometry/Meshes/CubeMaterial.uasset" 220
"C:/Users/Usuario/Documents/GitHub/IV/IV/Content/Geometry/Meshes/1M_Cube.uasset" 221
"C:/Users/Usuario/Documents/GitHub/IV/IV/Content/FirstPersonBP/Maps/FirstPersonExampleMap_BuiltData.uasset" 222
"C:/Users/Usuario/Documents/GitHub/IV/IV/Content/FirstPerson/Textures/FirstPersonCrosshair.uasset" 223
"C:/Users/Usuario/Documents/GitHub/IV/IV/Content/FirstPersonBP/Blueprints/FirstPersonHUD.uasset" 224
"C:/Users/Usuario/Documents/GitHub/IV/IV/Content/FirstPerson/Meshes/BaseMaterial.uasset" 225
"C:/Users/Usuario/Documents/GitHub/IV/IV/Content/FirstPerson/Meshes/FirstPersonProjectileMaterial.uasset" 226
"C:/Users/Usuario/Documents/GitHub/IV/IV/Content/FirstPerson/Meshes/FirstPersonProjectileMesh.uasset" 227
"C:/Users/Usuario/Documents/GitHub/IV/IV/Content/FirstPersonBP/Blueprints/FirstPersonProjectile.uasset" 228
"C:/Users/Usuario/Documents/GitHub/IV/IV/Content/FirstPerson/FPWeapon/Mesh/SK_FPGun_Skeleton.uasset" 229
"C:/Users/Usuario/Documents/GitHub/IV/IV/Content/FirstPerson/FPWeapon/Textures/T_FPGun_N.uasset" 230
"C:/Users/Usuario/Documents/GitHub/IV/IV/Content/FirstPerson/FPWeapon/Textures/T_FPGun_M.uasset" 231
"C:/Users/Usuario/Documents/GitHub/IV/IV/Content/FirstPerson/FPWeapon/Materials/MaterialLayers/T_ML_Aluminum01_N.uasset" 232
"C:/Users/Usuario/Documents/GitHub/IV/IV/Content/FirstPerson/FPWeapon/Materials/MaterialLayers/T_ML_Aluminum01.uasset" 233
"C:/Users/Usuario/Documents/GitHub/IV/IV/Content/FirstPerson/FPWeapon/Materials/MaterialLayers/ML_SoftMetal_UE4.uasset" 234
"C:/Users/Usuario/Documents/GitHub/IV/IV/Content/FirstPerson/FPWeapon/Materials/MaterialLayers/ML_Screen.uasset" 235
"C:/Users/Usuario/Documents/GitHub/IV/IV/Content/FirstPerson/FPWeapon/Materials/MaterialLayers/ML_Plastic_Shiny_Beige.uasset" 236
"C:/Users/Usuario/Documents/GitHub/IV/IV/Content/FirstPerson/FPWeapon/Materials/MaterialLayers/T_ML_Rubber_Blue_01_N.uasset" 237
"C:/Users/Usuario/Documents/GitHub/IV/IV/Content/FirstPerson/FPWeapon/Materials/MaterialLayers/T_ML_Rubber_Blue_01_D.uasset" 238
"C:/Users/Usuario/Documents/GitHub/IV/IV/Content/FirstPerson/FPWeapon/Materials/MaterialLayers/ML_GlossyBlack_Latex_UE4.uasset" 239
"../../../Engine/Content/Functions/MaterialLayerFunctions/MatLayerBlend_Simple.uasset" 240
"../../../Engine/Content/Functions/Engine_MaterialFunctions02/Utility/BlendAngleCorrectedNormals.uasset" 241
"../../../Engine/Content/Functions/MaterialLayerFunctions/MatLayerBlend_NormalBlend.uasset" 242
"C:/Users/Usuario/Documents/GitHub/IV/IV/Content/FirstPerson/FPWeapon/Materials/M_FPGun.uasset" 243
"C:/Users/Usuario/Documents/GitHub/IV/IV/Content/FirstPerson/FPWeapon/Mesh/SK_FPGun.uasset" 244
"C:/Users/Usuario/Documents/GitHub/IV/IV/Content/FirstPerson/Character/Mesh/SK_Mannequin_Arms_PhysicsAsset.uasset" 245
"C:/Users/Usuario/Documents/GitHub/IV/IV/Content/FirstPerson/Character/Textures/UE4_Mannequin_MAT_MASKA.uasset" 246
"C:/Users/Usuario/Documents/GitHub/IV/IV/Content/FirstPerson/Character/Textures/UE4_Mannequin__normals.uasset" 247
"C:/Users/Usuario/Documents/GitHub/IV/IV/Content/FirstPerson/Character/Materials/MaterialLayers/T_ML_Aluminum01_N.uasset" 248
"C:/Users/Usuario/Documents/GitHub/IV/IV/Content/FirstPerson/Character/Materials/MaterialLayers/T_ML_Aluminum01.uasset" 249
"C:/Users/Usuario/Documents/GitHub/IV/IV/Content/FirstPerson/Character/Materials/MaterialLayers/ML_SoftMetal_UE4.uasset" 250
"C:/Users/Usuario/Documents/GitHub/IV/IV/Content/FirstPerson/Character/Textures/UE4_LOGO_CARD.uasset" 251
"C:/Users/Usuario/Documents/GitHub/IV/IV/Content/FirstPerson/Character/Materials/MaterialLayers/ML_Plastic_Shiny_Beige_LOGO.uasset" 252
"C:/Users/Usuario/Documents/GitHub/IV/IV/Content/FirstPerson/Character/Materials/MaterialLayers/ML_Plastic_Shiny_Beige.uasset" 253
"C:/Users/Usuario/Documents/GitHub/IV/IV/Content/FirstPerson/Character/Materials/MaterialLayers/T_ML_Rubber_Blue_01_N.uasset" 254
"C:/Users/Usuario/Documents/GitHub/IV/IV/Content/FirstPerson/Character/Materials/MaterialLayers/T_ML_Rubber_Blue_01_D.uasset" 255
"C:/Users/Usuario/Documents/GitHub/IV/IV/Content/FirstPerson/Character/Materials/MaterialLayers/ML_GlossyBlack_Latex_UE4.uasset" 256
"C:/Users/Usuario/Documents/GitHub/IV/IV/Content/FirstPerson/Character/Materials/M_UE4Man_Body.uasset" 257
"C:/Users/Usuario/Documents/GitHub/IV/IV/Content/FirstPerson/Character/Mesh/SK_Mannequin_Arms_Skeleton.uasset" 258
"C:/Users/Usuario/Documents/GitHub/IV/IV/Content/FirstPerson/Character/Mesh/SK_Mannequin_Arms.uasset" 259
"C:/Users/Usuario/Documents/GitHub/IV/IV/Content/FirstPerson/Audio/FirstPersonTemplateWeaponFire02.uasset" 260
"C:/Users/Usuario/Documents/GitHub/IV/IV/Content/FirstPerson/Animations/FirstPerson_Run.uasset" 261
"C:/Users/Usuario/Documents/GitHub/IV/IV/Content/FirstPerson/Animations/FirstPerson_JumpStart.uasset" 262
"C:/Users/Usuario/Documents/GitHub/IV/IV/Content/FirstPerson/Animations/FirstPerson_JumpLoop.uasset" 263
"C:/Users/Usuario/Documents/GitHub/IV/IV/Content/FirstPerson/Animations/FirstPerson_JumpEnd.uasset" 264
"C:/Users/Usuario/Documents/GitHub/IV/IV/Content/FirstPerson/Animations/FirstPerson_Idle.uasset" 265
"../../../Engine/Content/EditorBlueprintResources/StandardMacros.uasset" 266
"C:/Users/Usuario/Documents/GitHub/IV/IV/Content/FirstPerson/Animations/FirstPerson_AnimBP.uasset" 267
"C:/Users/Usuario/Documents/GitHub/IV/IV/Content/FirstPerson/Animations/FirstPerson_Fire.uasset" 268
"C:/Users/Usuario/Documents/GitHub/IV/IV/Content/FirstPerson/Animations/FirstPersonFire_Montage.uasset" 269
"C:/Users/Usuario/Documents/GitHub/IV/IV/Content/FirstPersonBP/Blueprints/FirstPersonCharacter.uasset" 270
"C:/Users/Usuario/Documents/GitHub/IV/IV/Content/FirstPersonBP/Blueprints/FirstPersonGameMode.uasset" 271
"C:/Users/Usuario/Documents/GitHub/IV/IV/Content/FirstPerson/Meshes/CubeMaterialOverride.uasset" 272
"../../../Engine/Content/EngineSky/T_Sky_Stars.uasset" 273
"../../../Engine/Content/EngineSky/T_Sky_Clouds_M.uasset" 274
"../../../Engine/Content/EngineSky/T_Sky_Blue.uasset" 275
"../../../Engine/Content/EngineSky/M_Sky_Panning_Clouds2.uasset" 276
"../../../Engine/Content/EngineSky/SM_SkySphere.uasset" 277
"../../../Engine/Content/EngineSky/C_Sky_Zenith_Color.uasset" 278
"../../../Engine/Content/EngineSky/C_Sky_Horizon_Color.uasset" 279
"../../../Engine/Content/EngineSky/C_Sky_Cloud_Color.uasset" 280
"../../../Engine/Content/EngineSky/BP_Sky_Sphere.uasset" 281
"C:/Users/Usuario/Documents/GitHub/IV/IV/Content/FirstPersonBP/Maps/FirstPersonExampleMap.umap" 282
"../../../Engine/Content/MapTemplates/Sky/Desert_Outer_HDR.uasset" 283
"C:/Users/Usuario/Documents/GitHub/IV/IV/Content/Platformer/Ocean/Textures/T_SmallWaves_N.uasset" 284
"C:/Users/Usuario/Documents/GitHub/IV/IV/Content/Platformer/Ocean/Textures/T_Seafoam_01.uasset" 285
"C:/Users/Usuario/Documents/GitHub/IV/IV/Content/Platformer/Ocean/Textures/T_LargeWaves_N.uasset" 286
"C:/Users/Usuario/Documents/GitHub/IV/IV/Content/Platformer/Ocean/Textures/T_LargeWaves_H.uasset" 287
"../../../Engine/Content/MapTemplates/Sky/DaylightAmbientCubemap.uasset" 288
"../../../Engine/Content/Engine_MI_Shaders/T_Base_Tile_Normal.uasset" 289
"../../../Engine/Content/Functions/Engine_MaterialFunctions03/ComplexMotion/Motion_4WayChaos_Normal.uasset" 290
"../../../Engine/Content/Functions/Engine_MaterialFunctions03/ComplexMotion/Motion_4WayChaos.uasset" 291
"C:/Users/Usuario/Documents/GitHub/IV/IV/Content/Platformer/Ocean/Materials/M_OceanWater_1.uasset" 292
"C:/Users/Usuario/Documents/GitHub/IV/IV/Content/Platformer/Ocean/Materials/M_OceanWater_1_Inst.uasset" 293
"C:/Users/Usuario/Documents/GitHub/IV/IV/Content/Platformer/Ocean/Meshes/SM_OceanWater.uasset" 294
"C:/Users/Usuario/Documents/GitHub/IV/IV/Content/Platformer/Textures/pl_wood_r.uasset" 295
"C:/Users/Usuario/Documents/GitHub/IV/IV/Content/Platformer/Textures/pl_wood_n.uasset" 296
"C:/Users/Usuario/Documents/GitHub/IV/IV/Content/Platformer/Textures/pl_wood_d.uasset" 297
"C:/Users/Usuario/Documents/GitHub/IV/IV/Content/Platformer/Materials/M_Wood_Dark_Parent.uasset" 298
"C:/Users/Usuario/Documents/GitHub/IV/IV/Content/Platformer/Materials/M_Wood_Yellow_Instance.uasset" 299
"C:/Users/Usuario/Documents/GitHub/IV/IV/Content/Platformer/Meshes/Pl_woodPlat_2m.uasset" 300
"C:/Users/Usuario/Documents/GitHub/IV/IV/Content/Platformer/Meshes/Pl_woodPlat_1m.uasset" 301
"C:/Users/Usuario/Documents/GitHub/IV/IV/Content/Platformer/Meshes/Pl_Woodcatwalk_4m_02.uasset" 302
"C:/Users/Usuario/Documents/GitHub/IV/IV/Content/Platformer/Meshes/Pl_Woodcatwalk_4m_01.uasset" 303
"C:/Users/Usuario/Documents/GitHub/IV/IV/Content/Platformer/Textures/pl_tree_r.uasset" 304
"C:/Users/Usuario/Documents/GitHub/IV/IV/Content/Platformer/Textures/pl_tree_n.uasset" 305
"C:/Users/Usuario/Documents/GitHub/IV/IV/Content/Platformer/Textures/pl_tree_d.uasset" 306
"../../../Engine/Content/Functions/Engine_MaterialFunctions01/WorldPositionOffset/SimpleGrassWind.uasset" 307
"C:/Users/Usuario/Documents/GitHub/IV/IV/Content/Platformer/Materials/M_Tree.uasset" 308
"C:/Users/Usuario/Documents/GitHub/IV/IV/Content/Platformer/Meshes/Pl_Tree_04.uasset" 309
"C:/Users/Usuario/Documents/GitHub/IV/IV/Content/Platformer/Meshes/Pl_Tree_03.uasset" 310
"C:/Users/Usuario/Documents/GitHub/IV/IV/Content/Platformer/Meshes/Pl_Tree_02.uasset" 311
"C:/Users/Usuario/Documents/GitHub/IV/IV/Content/Platformer/Meshes/Pl_Tree_01.uasset" 312
"C:/Users/Usuario/Documents/GitHub/IV/IV/Content/Platformer/Materials/M_Wood_Light_Instance.uasset" 313
"C:/Users/Usuario/Documents/GitHub/IV/IV/Content/Platformer/Textures/Pl_plastic_r.uasset" 314
"C:/Users/Usuario/Documents/GitHub/IV/IV/Content/Platformer/Textures/Pl_plastic_n.uasset" 315
"C:/Users/Usuario/Documents/GitHub/IV/IV/Content/Platformer/Materials/M_Metal_Black_Parent.uasset" 316
"C:/Users/Usuario/Documents/GitHub/IV/IV/Content/Platformer/Materials/M_Metal_Red_Instance.uasset" 317
"C:/Users/Usuario/Documents/GitHub/IV/IV/Content/Platformer/Materials/M_Wood_White_Instance.uasset" 318
"C:/Users/Usuario/Documents/GitHub/IV/IV/Content/Platformer/Meshes/Pl_Signpost_01.uasset" 319
"C:/Users/Usuario/Documents/GitHub/IV/IV/Content/Platformer/Meshes/Pl_Sign_01.uasset" 320
"C:/Users/Usuario/Documents/GitHub/IV/IV/Content/Platformer/Materials/M_Metal_Gold_Instance.uasset" 321
"C:/Users/Usuario/Documents/GitHub/IV/IV/Content/Platformer/Materials/M_Plastic_black_Parent.uasset" 322
"C:/Users/Usuario/Documents/GitHub/IV/IV/Content/Platformer/Materials/M_Plastic_Grey_Inst.uasset" 323
"C:/Users/Usuario/Documents/GitHub/IV/IV/Content/Platformer/Meshes/Pl_secretDoor_01.uasset" 324
"C:/Users/Usuario/Documents/GitHub/IV/IV/Content/Platformer/Materials/M_Metal_Grey_Instance.uasset" 325
"C:/Users/Usuario/Documents/GitHub/IV/IV/Content/Platformer/Meshes/Pl_Screw_01.uasset" 326
"C:/Users/Usuario/Documents/GitHub/IV/IV/Content/Platformer/Meshes/Pl_ScaffoldWall_01.uasset" 327
"C:/Users/Usuario/Documents/GitHub/IV/IV/Content/Platformer/Meshes/Pl_Scaffoldpost_01.uasset" 328
"C:/Users/Usuario/Documents/GitHub/IV/IV/Content/Platformer/Meshes/Pl_ScaffoldBlock_01.uasset" 329
"C:/Users/Usuario/Documents/GitHub/IV/IV/Content/Platformer/Textures/Pl_Cliff_r.uasset" 330
"C:/Users/Usuario/Documents/GitHub/IV/IV/Content/Platformer/Textures/Pl_Cliff_n.uasset" 331
"C:/Users/Usuario/Documents/GitHub/IV/IV/Content/Platformer/Textures/Pl_Cliff_d.uasset" 332
"C:/Users/Usuario/Documents/GitHub/IV/IV/Content/Platformer/Materials/M_Cliff.uasset" 333
"C:/Users/Usuario/Documents/GitHub/IV/IV/Content/Platformer/Textures/Pl_Patterns_m.uasset" 334
"C:/Users/Usuario/Documents/GitHub/IV/IV/Content/Platformer/Textures/Pl_Grass_r.uasset" 335
"C:/Users/Usuario/Documents/GitHub/IV/IV/Content/Platformer/Textures/Pl_Grass_n.uasset" 336
"C:/Users/Usuario/Documents/GitHub/IV/IV/Content/Platformer/Textures/Pl_Grass_d.uasset" 337
"C:/Users/Usuario/Documents/GitHub/IV/IV/Content/Platformer/Materials/M_Grass.uasset" 338
"C:/Users/Usuario/Documents/GitHub/IV/IV/Content/Platformer/Meshes/Pl_Ramp_4m.uasset" 339
"C:/Users/Usuario/Documents/GitHub/IV/IV/Content/Platformer/Textures/Pl_Plants_r.uasset" 340
"C:/Users/Usuario/Documents/GitHub/IV/IV/Content/Platformer/Textures/Pl_Plants_n.uasset" 341
"C:/Users/Usuario/Documents/GitHub/IV/IV/Content/Platformer/Textures/Pl_Plants_d.uasset" 342
"C:/Users/Usuario/Documents/GitHub/IV/IV/Content/Platformer/Materials/M_Plants.uasset" 343
"C:/Users/Usuario/Documents/GitHub/IV/IV/Content/Platformer/Meshes/Pl_plant_03.uasset" 344
"C:/Users/Usuario/Documents/GitHub/IV/IV/Content/Platformer/Meshes/Pl_plant_02.uasset" 345
"C:/Users/Usuario/Documents/GitHub/IV/IV/Content/Platformer/Meshes/Pl_plant_01.uasset" 346
"C:/Users/Usuario/Documents/GitHub/IV/IV/Content/Platformer/Materials/M_Plastic_Blue_Pattern_Parent.uasset" 347
"C:/Users/Usuario/Documents/GitHub/IV/IV/Content/Platformer/Materials/M_Plastic_Yellow_Pattern_Inst.uasset" 348
"C:/Users/Usuario/Documents/GitHub/IV/IV/Content/Platformer/Materials/M_Plastic_Yellow_Inst.uasset" 349
"C:/Users/Usuario/Documents/GitHub/IV/IV/Content/Platformer/Meshes/Pl_MetalBox_8x4m.uasset" 350
"C:/Users/Usuario/Documents/GitHub/IV/IV/Content/Platformer/Materials/M_Plastic_Orange_Inst.uasset" 351
"C:/Users/Usuario/Documents/GitHub/IV/IV/Content/Platformer/Materials/M_Plastic_Orange_Pattern_Inst.uasset" 352
"C:/Users/Usuario/Documents/GitHub/IV/IV/Content/Platformer/Meshes/Pl_MetalBox_4x4m.uasset" 353
"C:/Users/Usuario/Documents/GitHub/IV/IV/Content/Platformer/Materials/M_Plastic_blue_Inst.uasset" 354
"C:/Users/Usuario/Documents/GitHub/IV/IV/Content/Platformer/Meshes/Pl_MetalBox_4x2m_short.uasset" 355
"C:/Users/Usuario/Documents/GitHub/IV/IV/Content/Platformer/Meshes/Pl_MetalBox_4x2m.uasset" 356
"C:/Users/Usuario/Documents/GitHub/IV/IV/Content/Platformer/Meshes/Pl_MetalBox_2m_short.uasset" 357
"C:/Users/Usuario/Documents/GitHub/IV/IV/Content/Platformer/Meshes/Pl_MetalBox_2m.uasset" 358
"C:/Users/Usuario/Documents/GitHub/IV/IV/Content/Platformer/Textures/Pl_Grass_trim_r.uasset" 359
"C:/Users/Usuario/Documents/GitHub/IV/IV/Content/Platformer/Textures/Pl_Grass_trim_n.uasset" 360
"C:/Users/Usuario/Documents/GitHub/IV/IV/Content/Platformer/Textures/Pl_Grass_trim_d.uasset" 361
"C:/Users/Usuario/Documents/GitHub/IV/IV/Content/Platformer/Materials/M_GrassTrim.uasset" 362
"C:/Users/Usuario/Documents/GitHub/IV/IV/Content/Platformer/Meshes/Pl_gtrim_04.uasset" 363
"C:/Users/Usuario/Documents/GitHub/IV/IV/Content/Platformer/Meshes/Pl_gtrim_03.uasset" 364
"C:/Users/Usuario/Documents/GitHub/IV/IV/Content/Platformer/Meshes/Pl_gtrim_02.uasset" 365
"C:/Users/Usuario/Documents/GitHub/IV/IV/Content/Platformer/Meshes/Pl_gtrim_01.uasset" 366
"C:/Users/Usuario/Documents/GitHub/IV/IV/Content/Platformer/Materials/M_Grass_nopattern.uasset" 367
"C:/Users/Usuario/Documents/GitHub/IV/IV/Content/Platformer/Meshes/Pl_GrassWall_8m.uasset" 368
"C:/Users/Usuario/Documents/GitHub/IV/IV/Content/Platformer/Meshes/Pl_GrassWall_4m.uasset" 369
"C:/Users/Usuario/Documents/GitHub/IV/IV/Content/Platformer/Meshes/Pl_flower_06.uasset" 370
"C:/Users/Usuario/Documents/GitHub/IV/IV/Content/Platformer/Meshes/Pl_flower_05.uasset" 371
"C:/Users/Usuario/Documents/GitHub/IV/IV/Content/Platformer/Meshes/Pl_flower_04.uasset" 372
"C:/Users/Usuario/Documents/GitHub/IV/IV/Content/Platformer/Meshes/Pl_flower_03.uasset" 373
"C:/Users/Usuario/Documents/GitHub/IV/IV/Content/Platformer/Meshes/Pl_flower_02.uasset" 374
"C:/Users/Usuario/Documents/GitHub/IV/IV/Content/Platformer/Meshes/Pl_flower_01.uasset" 375
"C:/Users/Usuario/Documents/GitHub/IV/IV/Content/Platformer/Meshes/Pl_fern_02.uasset" 376
"C:/Users/Usuario/Documents/GitHub/IV/IV/Content/Platformer/Meshes/Pl_Fern_01.uasset" 377
"C:/Users/Usuario/Documents/GitHub/IV/IV/Content/Platformer/Meshes/Pl_FencePost.uasset" 378
"C:/Users/Usuario/Documents/GitHub/IV/IV/Content/Platformer/Meshes/Pl_Fence_8m_02.uasset" 379
"C:/Users/Usuario/Documents/GitHub/IV/IV/Content/Platformer/Meshes/Pl_Fence_8m_01.uasset" 380
"C:/Users/Usuario/Documents/GitHub/IV/IV/Content/Platformer/Meshes/Pl_Fence_2m_02.uasset" 381
"C:/Users/Usuario/Documents/GitHub/IV/IV/Content/Platformer/Meshes/Pl_Fence_2m_01.uasset" 382
"C:/Users/Usuario/Documents/GitHub/IV/IV/Content/Platformer/Textures/Pl_Crate_r.uasset" 383
"C:/Users/Usuario/Documents/GitHub/IV/IV/Content/Platformer/Textures/Pl_Crate_n.uasset" 384
"C:/Users/Usuario/Documents/GitHub/IV/IV/Content/Platformer/Textures/Pl_Crate_d.uasset" 385
"C:/Users/Usuario/Documents/GitHub/IV/IV/Content/Platformer/Materials/M_Crate_Light_Parent.uasset" 386
"C:/Users/Usuario/Documents/GitHub/IV/IV/Content/Platformer/Meshes/Pl_Crate_Shards_03.uasset" 387
"C:/Users/Usuario/Documents/GitHub/IV/IV/Content/Platformer/Meshes/Pl_Crate_Shards_02.uasset" 388
"C:/Users/Usuario/Documents/GitHub/IV/IV/Content/Platformer/Meshes/Pl_Crate_Shards_01.uasset" 389
"C:/Users/Usuario/Documents/GitHub/IV/IV/Content/Platformer/Meshes/Pl_Crate_02.uasset" 390
"C:/Users/Usuario/Documents/GitHub/IV/IV/Content/Platformer/Meshes/Pl_Crate_01.uasset" 391
"C:/Users/Usuario/Documents/GitHub/IV/IV/Content/Platformer/Materials/M_Cloud.uasset" 392
"C:/Users/Usuario/Documents/GitHub/IV/IV/Content/Platformer/Meshes/Pl_CloudPlat_8m.uasset" 393
"C:/Users/Usuario/Documents/GitHub/IV/IV/Content/Platformer/Meshes/Pl_CloudPlat_4x8m.uasset" 394
"C:/Users/Usuario/Documents/GitHub/IV/IV/Content/Platformer/Meshes/Pl_CloudPlat_4m.uasset" 395
"C:/Users/Usuario/Documents/GitHub/IV/IV/Content/Platformer/Materials/M_Plastic_White_Inst.uasset" 396
"C:/Users/Usuario/Documents/GitHub/IV/IV/Content/Platformer/Meshes/Pl_buttonBase.uasset" 397
"C:/Users/Usuario/Documents/GitHub/IV/IV/Content/Platformer/Materials/M_Plastic_Red_Inst.uasset" 398
"C:/Users/Usuario/Documents/GitHub/IV/IV/Content/Platformer/Meshes/Pl_button.uasset" 399
"C:/Users/Usuario/Documents/GitHub/IV/IV/Content/Platformer/Meshes/Pl_8m_Platform_rnd.uasset" 400
"C:/Users/Usuario/Documents/GitHub/IV/IV/Content/Platformer/Meshes/Pl_8m_Platform_L_ext.uasset" 401
"C:/Users/Usuario/Documents/GitHub/IV/IV/Content/Platformer/Meshes/Pl_8m_Platform_L.uasset" 402
"C:/Users/Usuario/Documents/GitHub/IV/IV/Content/Platformer/Meshes/Pl_8m_Platform_Hrnd_ext.uasset" 403
"C:/Users/Usuario/Documents/GitHub/IV/IV/Content/Platformer/Meshes/Pl_8m_Platform_Hrnd.uasset" 404
"C:/Users/Usuario/Documents/GitHub/IV/IV/Content/Platformer/Meshes/Pl_8m_Platform_ext.uasset" 405
"C:/Users/Usuario/Documents/GitHub/IV/IV/Content/Platformer/Meshes/Pl_8m_Platform_crn_ext.uasset" 406
"C:/Users/Usuario/Documents/GitHub/IV/IV/Content/Platformer/Meshes/Pl_8m_Platform_crn.uasset" 407
"C:/Users/Usuario/Documents/GitHub/IV/IV/Content/Platformer/Meshes/Pl_8m_Platform.uasset" 408
"C:/Users/Usuario/Documents/GitHub/IV/IV/Content/Platformer/Meshes/Pl_8m_Hill.uasset" 409
"C:/Users/Usuario/Documents/GitHub/IV/IV/Content/Platformer/Meshes/Pl_8m_gtrim_rnd_01.uasset" 410
"C:/Users/Usuario/Documents/GitHub/IV/IV/Content/Platformer/Meshes/Pl_8m_Gtrim_Hrnd_01.uasset" 411
"C:/Users/Usuario/Documents/GitHub/IV/IV/Content/Platformer/Meshes/Pl_8m_gtrim_01.uasset" 412
"C:/Users/Usuario/Documents/GitHub/IV/IV/Content/Platformer/Meshes/Pl_4m_Platform_ext.uasset" 413
"C:/Users/Usuario/Documents/GitHub/IV/IV/Content/Platformer/Meshes/Pl_4m_Platform.uasset" 414
"C:/Users/Usuario/Documents/GitHub/IV/IV/Content/Platformer/Meshes/Pl_4m_gtrim_01.uasset" 415
"C:/Users/Usuario/Documents/GitHub/IV/IV/Content/Platformer/Meshes/Pl_2m_grassblock.uasset" 416
"C:/Users/Usuario/Documents/GitHub/IV/IV/Content/Platformer/Meshes/Pl_1m_grassblock.uasset" 417
"C:/Users/Usuario/Documents/GitHub/IV/IV/Content/Platformer/Meshes/Pl_16m_Platform_ext.uasset" 418
"C:/Users/Usuario/Documents/GitHub/IV/IV/Content/Platformer/Meshes/Pl_16m_Platform.uasset" 419
"C:/Users/Usuario/Documents/GitHub/IV/IV/Content/Platformer/Meshes/Pl_16m_gtrim_01.uasset" 420
"C:/Users/Usuario/Documents/GitHub/IV/IV/Content/Platformer/Textures/BeanStalks_Textures/Pl_BeanStalk_r.uasset" 421
"C:/Users/Usuario/Documents/GitHub/IV/IV/Content/Platformer/Textures/BeanStalks_Textures/Pl_BeanStalk_n.uasset" 422
"C:/Users/Usuario/Documents/GitHub/IV/IV/Content/Platformer/Textures/BeanStalks_Textures/Pl_BeanStalk_d.uasset" 423
"C:/Users/Usuario/Documents/GitHub/IV/IV/Content/Platformer/Materials/BeanStalks_Materials/M_BeanStalk.uasset" 424
"C:/Users/Usuario/Documents/GitHub/IV/IV/Content/Platformer/Meshes/Beanstalks/Pl_vine_05.uasset" 425
"C:/Users/Usuario/Documents/GitHub/IV/IV/Content/Platformer/Meshes/Beanstalks/Pl_vine_04.uasset" 426
"C:/Users/Usuario/Documents/GitHub/IV/IV/Content/Platformer/Meshes/Beanstalks/Pl_vine_03.uasset" 427
"C:/Users/Usuario/Documents/GitHub/IV/IV/Content/Platformer/Meshes/Beanstalks/Pl_vine_02.uasset" 428
"C:/Users/Usuario/Documents/GitHub/IV/IV/Content/Platformer/Meshes/Beanstalks/Pl_vine_01.uasset" 429
"C:/Users/Usuario/Documents/GitHub/IV/IV/Content/Platformer/Textures/BeanStalks_Textures/Pl_StoneBlock_r.uasset" 430
"C:/Users/Usuario/Documents/GitHub/IV/IV/Content/Platformer/Textures/BeanStalks_Textures/Pl_StoneBlock_n.uasset" 431
"C:/Users/Usuario/Documents/GitHub/IV/IV/Content/Platformer/Textures/BeanStalks_Textures/Pl_StoneBlock_d.uasset" 432
"C:/Users/Usuario/Documents/GitHub/IV/IV/Content/Platformer/Materials/BeanStalks_Materials/M_StoneBlock.uasset" 433
"C:/Users/Usuario/Documents/GitHub/IV/IV/Content/Platformer/Meshes/Beanstalks/Pl_StoneBlock_05.uasset" 434
"C:/Users/Usuario/Documents/GitHub/IV/IV/Content/Platformer/Meshes/Beanstalks/Pl_StoneBlock_04.uasset" 435
"C:/Users/Usuario/Documents/GitHub/IV/IV/Content/Platformer/Meshes/Beanstalks/Pl_StoneBlock_03.uasset" 436
"C:/Users/Usuario/Documents/GitHub/IV/IV/Content/Platformer/Meshes/Beanstalks/Pl_StoneBlock_02.uasset" 437
"C:/Users/Usuario/Documents/GitHub/IV/IV/Content/Platformer/Meshes/Beanstalks/Pl_StoneBlock_01.uasset" 438
"C:/Users/Usuario/Documents/GitHub/IV/IV/Content/Platformer/Meshes/Beanstalks/Pl_stalkend_03.uasset" 439
"C:/Users/Usuario/Documents/GitHub/IV/IV/Content/Platformer/Meshes/Beanstalks/Pl_stalkend_02.uasset" 440
"C:/Users/Usuario/Documents/GitHub/IV/IV/Content/Platformer/Meshes/Beanstalks/Pl_stalkcurve_01.uasset" 441
"C:/Users/Usuario/Documents/GitHub/IV/IV/Content/Platformer/Meshes/Beanstalks/Pl_stalkbend_01.uasset" 442
"C:/Users/Usuario/Documents/GitHub/IV/IV/Content/Platformer/Meshes/Beanstalks/Pl_stalkbase_01.uasset" 443
"C:/Users/Usuario/Documents/GitHub/IV/IV/Content/Platformer/Textures/BeanStalks_Textures/Pl_Leaf_01_r.uasset" 444
"C:/Users/Usuario/Documents/GitHub/IV/IV/Content/Platformer/Textures/BeanStalks_Textures/Pl_Leaf_01_n.uasset" 445
"C:/Users/Usuario/Documents/GitHub/IV/IV/Content/Platformer/Textures/BeanStalks_Textures/Pl_Leaf_01_d.uasset" 446
"C:/Users/Usuario/Documents/GitHub/IV/IV/Content/Platformer/Materials/BeanStalks_Materials/M_Leaf.uasset" 447
"C:/Users/Usuario/Documents/GitHub/IV/IV/Content/Platformer/Meshes/Beanstalks/Pl_Leaf_05.uasset" 448
"C:/Users/Usuario/Documents/GitHub/IV/IV/Content/Platformer/Meshes/Beanstalks/Pl_Leaf_04.uasset" 449
"C:/Users/Usuario/Documents/GitHub/IV/IV/Content/Platformer/Meshes/Beanstalks/Pl_Leaf_03.uasset" 450
"C:/Users/Usuario/Documents/GitHub/IV/IV/Content/Platformer/Meshes/Beanstalks/Pl_Leaf_02.uasset" 451
"C:/Users/Usuario/Documents/GitHub/IV/IV/Content/Platformer/Meshes/Beanstalks/Pl_Leaf_01.uasset" 452
"C:/Users/Usuario/Documents/GitHub/IV/IV/Content/Platformer/Materials/M_Plastic_Green_Pattern_Inst.uasset" 453
"C:/Users/Usuario/Documents/GitHub/IV/IV/Content/Platformer/Materials/M_Plastic_Green_Inst.uasset" 454
"C:/Users/Usuario/Documents/GitHub/IV/IV/Content/Platformer/Meshes/Pl_PowerUp_06.uasset" 455
"C:/Users/Usuario/Documents/GitHub/IV/IV/Content/Platformer/Blueprints/Pl_PowerUp_06.uasset" 456
"C:/Users/Usuario/Documents/GitHub/IV/IV/Content/Platformer/Meshes/Pl_PowerUp_05.uasset" 457
"C:/Users/Usuario/Documents/GitHub/IV/IV/Content/Platformer/Blueprints/Pl_PowerUp_05.uasset" 458
"C:/Users/Usuario/Documents/GitHub/IV/IV/Content/Platformer/Meshes/Pl_PowerUp_04.uasset" 459
"C:/Users/Usuario/Documents/GitHub/IV/IV/Content/Platformer/Blueprints/Pl_PowerUp_04.uasset" 460
"C:/Users/Usuario/Documents/GitHub/IV/IV/Content/Platformer/Meshes/Pl_PowerUp_03.uasset" 461
"C:/Users/Usuario/Documents/GitHub/IV/IV/Content/Platformer/Blueprints/Pl_PowerUp_03.uasset" 462
"C:/Users/Usuario/Documents/GitHub/IV/IV/Content/Platformer/Meshes/Pl_PowerUp_02.uasset" 463
"C:/Users/Usuario/Documents/GitHub/IV/IV/Content/Platformer/Blueprints/Pl_PowerUp_02.uasset" 464
"C:/Users/Usuario/Documents/GitHub/IV/IV/Content/Platformer/Meshes/Pl_PowerUp_01.uasset" 465
"C:/Users/Usuario/Documents/GitHub/IV/IV/Content/Platformer/Blueprints/Pl_PowerUp_01.uasset" 466
"C:/Users/Usuario/Documents/GitHub/IV/IV/Content/Platformer/Meshes/Pl_Coin_02.uasset" 467
"C:/Users/Usuario/Documents/GitHub/IV/IV/Content/Platformer/Blueprints/Pl_Coin_02.uasset" 468
"C:/Users/Usuario/Documents/GitHub/IV/IV/Content/Platformer/Meshes/Pl_Coin_01.uasset" 469
"C:/Users/Usuario/Documents/GitHub/IV/IV/Content/Platformer/Blueprints/Pl_Coin_01.uasset" 470
"C:/Users/Usuario/Documents/GitHub/IV/IV/Content/Platformer/Maps/Example_map_01.umap" 471
"../../../Engine/Content/Maps/Entry_BuiltData.uasset" 472
"../../../Engine/Content/Maps/Entry.umap" 473
